torch.Size([20, 3, 1080, 1080]) torch.Size([20])
torch.Size([20, 3, 1080, 1080]) torch.Size([20])
499
125

Epoch: 0
Train Epoch:0---Loss: 0.695 | Acc: 76.000% (608/800)
Train Epoch:0---Loss: 0.607 | Acc: 77.750% (1244/1600)
Train Epoch:0---Loss: 0.593 | Acc: 78.042% (1873/2400)
Train Epoch:0---Loss: 0.570 | Acc: 78.562% (2514/3200)
Train Epoch:0---Loss: 0.562 | Acc: 78.725% (3149/4000)
Train Epoch:0---Loss: 0.550 | Acc: 78.896% (3787/4800)
Train Epoch:0---Loss: 0.543 | Acc: 78.768% (4411/5600)
Train Epoch:0---Loss: 0.536 | Acc: 78.938% (5052/6400)
Train Epoch:0---Loss: 0.531 | Acc: 79.083% (5694/7200)
Val Epoch:0---Loss: 0.499 | Acc: 78.875% (631/800)
Val Epoch:0---Loss: 0.487 | Acc: 80.125% (1282/1600)

Epoch: 1
Train Epoch:1---Loss: 0.476 | Acc: 82.250% (658/800)
Train Epoch:1---Loss: 0.489 | Acc: 80.875% (1294/1600)
Train Epoch:1---Loss: 0.491 | Acc: 80.708% (1937/2400)
Train Epoch:1---Loss: 0.488 | Acc: 80.781% (2585/3200)
Train Epoch:1---Loss: 0.491 | Acc: 80.175% (3207/4000)
Train Epoch:1---Loss: 0.491 | Acc: 80.188% (3849/4800)
Train Epoch:1---Loss: 0.493 | Acc: 80.071% (4484/5600)
Train Epoch:1---Loss: 0.490 | Acc: 80.156% (5130/6400)
Train Epoch:1---Loss: 0.489 | Acc: 80.097% (5767/7200)
Val Epoch:1---Loss: 0.486 | Acc: 78.375% (627/800)
Val Epoch:1---Loss: 0.476 | Acc: 79.250% (1268/1600)

Epoch: 2
Train Epoch:2---Loss: 0.488 | Acc: 79.375% (635/800)
Train Epoch:2---Loss: 0.486 | Acc: 79.875% (1278/1600)
Train Epoch:2---Loss: 0.476 | Acc: 80.667% (1936/2400)
Train Epoch:2---Loss: 0.476 | Acc: 80.656% (2581/3200)
Train Epoch:2---Loss: 0.472 | Acc: 80.950% (3238/4000)
Train Epoch:2---Loss: 0.481 | Acc: 80.146% (3847/4800)
Train Epoch:2---Loss: 0.482 | Acc: 80.125% (4487/5600)
Train Epoch:2---Loss: 0.480 | Acc: 80.328% (5141/6400)
Train Epoch:2---Loss: 0.480 | Acc: 80.236% (5777/7200)
Val Epoch:2---Loss: 0.489 | Acc: 78.750% (630/800)
Val Epoch:2---Loss: 0.480 | Acc: 79.188% (1267/1600)

Epoch: 3
Train Epoch:3---Loss: 0.478 | Acc: 80.625% (645/800)
Train Epoch:3---Loss: 0.491 | Acc: 80.188% (1283/1600)
Train Epoch:3---Loss: 0.479 | Acc: 80.875% (1941/2400)
Train Epoch:3---Loss: 0.475 | Acc: 80.688% (2582/3200)
Train Epoch:3---Loss: 0.482 | Acc: 79.950% (3198/4000)
Train Epoch:3---Loss: 0.480 | Acc: 80.000% (3840/4800)
Train Epoch:3---Loss: 0.479 | Acc: 80.018% (4481/5600)
Train Epoch:3---Loss: 0.479 | Acc: 79.969% (5118/6400)
Train Epoch:3---Loss: 0.478 | Acc: 80.153% (5771/7200)
Val Epoch:3---Loss: 0.487 | Acc: 78.875% (631/800)
Val Epoch:3---Loss: 0.479 | Acc: 79.000% (1264/1600)

Epoch: 4
Train Epoch:4---Loss: 0.483 | Acc: 79.375% (635/800)
Train Epoch:4---Loss: 0.480 | Acc: 79.688% (1275/1600)
Train Epoch:4---Loss: 0.477 | Acc: 80.208% (1925/2400)
Train Epoch:4---Loss: 0.475 | Acc: 80.406% (2573/3200)
Train Epoch:4---Loss: 0.478 | Acc: 80.400% (3216/4000)
Train Epoch:4---Loss: 0.478 | Acc: 80.479% (3863/4800)
Train Epoch:4---Loss: 0.480 | Acc: 80.304% (4497/5600)
Train Epoch:4---Loss: 0.481 | Acc: 80.141% (5129/6400)
Train Epoch:4---Loss: 0.479 | Acc: 80.125% (5769/7200)
Val Epoch:4---Loss: 0.498 | Acc: 78.000% (624/800)
Val Epoch:4---Loss: 0.478 | Acc: 79.875% (1278/1600)

Epoch: 5
Train Epoch:5---Loss: 0.475 | Acc: 80.000% (640/800)
Train Epoch:5---Loss: 0.488 | Acc: 79.875% (1278/1600)
Train Epoch:5---Loss: 0.491 | Acc: 79.667% (1912/2400)
Train Epoch:5---Loss: 0.490 | Acc: 79.719% (2551/3200)
Train Epoch:5---Loss: 0.488 | Acc: 79.825% (3193/4000)
Train Epoch:5---Loss: 0.483 | Acc: 80.229% (3851/4800)
Train Epoch:5---Loss: 0.482 | Acc: 80.232% (4493/5600)
Train Epoch:5---Loss: 0.484 | Acc: 80.203% (5133/6400)
Train Epoch:5---Loss: 0.486 | Acc: 80.181% (5773/7200)
Val Epoch:5---Loss: 0.466 | Acc: 80.625% (645/800)
Val Epoch:5---Loss: 0.476 | Acc: 79.875% (1278/1600)

Epoch: 6
Train Epoch:6---Loss: 0.458 | Acc: 80.875% (647/800)
Train Epoch:6---Loss: 0.472 | Acc: 80.375% (1286/1600)
Train Epoch:6---Loss: 0.469 | Acc: 80.583% (1934/2400)
Train Epoch:6---Loss: 0.467 | Acc: 80.781% (2585/3200)
Train Epoch:6---Loss: 0.462 | Acc: 81.425% (3257/4000)
Train Epoch:6---Loss: 0.468 | Acc: 81.000% (3888/4800)
Train Epoch:6---Loss: 0.472 | Acc: 80.696% (4519/5600)
Train Epoch:6---Loss: 0.473 | Acc: 80.578% (5157/6400)
Train Epoch:6---Loss: 0.477 | Acc: 80.319% (5783/7200)
Val Epoch:6---Loss: 0.479 | Acc: 78.500% (628/800)
Val Epoch:6---Loss: 0.478 | Acc: 78.688% (1259/1600)

Epoch: 7
Train Epoch:7---Loss: 0.481 | Acc: 78.750% (630/800)
Train Epoch:7---Loss: 0.485 | Acc: 79.500% (1272/1600)
Train Epoch:7---Loss: 0.476 | Acc: 80.542% (1933/2400)
Train Epoch:7---Loss: 0.467 | Acc: 81.062% (2594/3200)
Train Epoch:7---Loss: 0.471 | Acc: 80.575% (3223/4000)
Train Epoch:7---Loss: 0.475 | Acc: 80.312% (3855/4800)
Train Epoch:7---Loss: 0.477 | Acc: 80.107% (4486/5600)
Train Epoch:7---Loss: 0.474 | Acc: 80.188% (5132/6400)
Train Epoch:7---Loss: 0.479 | Acc: 80.000% (5760/7200)
Val Epoch:7---Loss: 0.448 | Acc: 80.250% (642/800)
Val Epoch:7---Loss: 0.477 | Acc: 79.312% (1269/1600)

Epoch: 8
