2017-11-02 15:19:57.516975: W tensorflow/core/platform/cpu_feature_guard.cc:45] The TensorFlow library wasn't compiled to use SSE4.1 instructions, but these are available on your machine and could speed up CPU computations.
2017-11-02 15:19:57.517151: W tensorflow/core/platform/cpu_feature_guard.cc:45] The TensorFlow library wasn't compiled to use SSE4.2 instructions, but these are available on your machine and could speed up CPU computations.
2017-11-02 15:19:57.517173: W tensorflow/core/platform/cpu_feature_guard.cc:45] The TensorFlow library wasn't compiled to use AVX instructions, but these are available on your machine and could speed up CPU computations.
2017-11-02 15:19:57.517187: W tensorflow/core/platform/cpu_feature_guard.cc:45] The TensorFlow library wasn't compiled to use AVX2 instructions, but these are available on your machine and could speed up CPU computations.
2017-11-02 15:19:57.517200: W tensorflow/core/platform/cpu_feature_guard.cc:45] The TensorFlow library wasn't compiled to use FMA instructions, but these are available on your machine and could speed up CPU computations.
2017-11-02 15:20:00.317337: W tensorflow/core/kernels/queue_base.cc:295] _0_input_producer/input_producer: Skipping cancelled enqueue attempt with queue not closed
There are 9580 health
There are 3984 sick
Traceback (most recent call last):
  File "/home/ye/user/yejg/project/Eye_densenet_1/train.py", line 4, in <module>
    import util
  File "/home/ye/user/yejg/project/Eye_densenet_1/util.py", line 151, in <module>
    threads=tf.train.start_queue_runners(sess=sess,coord=coord)
  File "/home/ye/user/yejg/SW_DATA/Or/lib/python3.6/site-packages/tensorflow/python/training/queue_runner_impl.py", line 431, in start_queue_runners
    start=start))
  File "/home/ye/user/yejg/SW_DATA/Or/lib/python3.6/site-packages/tensorflow/python/training/queue_runner_impl.py", line 330, in create_threads
    t.start()
  File "/home/ye/user/yejg/SW_DATA/Or/lib/python3.6/threading.py", line 851, in start
    self._started.wait()
  File "/home/ye/user/yejg/SW_DATA/Or/lib/python3.6/threading.py", line 551, in wait
    signaled = self._cond.wait(timeout)
  File "/home/ye/user/yejg/SW_DATA/Or/lib/python3.6/threading.py", line 295, in wait
    waiter.acquire()
KeyboardInterrupt
./run.sh: line 6: 65795 Segmentation fault      (core dumped) python $code_exe -D $data_path -b 64 -d 16 -M 50000 -H 224 -W 224 -r 0.25 -f $model_path
2017-11-02 15:20:36.527630: W tensorflow/core/platform/cpu_feature_guard.cc:45] The TensorFlow library wasn't compiled to use SSE4.1 instructions, but these are available on your machine and could speed up CPU computations.
2017-11-02 15:20:36.527804: W tensorflow/core/platform/cpu_feature_guard.cc:45] The TensorFlow library wasn't compiled to use SSE4.2 instructions, but these are available on your machine and could speed up CPU computations.
2017-11-02 15:20:36.527824: W tensorflow/core/platform/cpu_feature_guard.cc:45] The TensorFlow library wasn't compiled to use AVX instructions, but these are available on your machine and could speed up CPU computations.
2017-11-02 15:20:36.527836: W tensorflow/core/platform/cpu_feature_guard.cc:45] The TensorFlow library wasn't compiled to use AVX2 instructions, but these are available on your machine and could speed up CPU computations.
2017-11-02 15:20:36.527849: W tensorflow/core/platform/cpu_feature_guard.cc:45] The TensorFlow library wasn't compiled to use FMA instructions, but these are available on your machine and could speed up CPU computations.
